<?xml version="1.0" encoding="UTF-8"?>
<!-- Generated by org.testng.reporters.JUnitReportReporter -->
<testsuite skipped="0" hostname="DESKTOP-3IC3DAS" name="manohar.AppiumTest.Ecommerce_ValidatePricesTest" tests="1" failures="0" timestamp="12 Nov 2022 16:37:34 GMT" time="93.204" errors="0">
  <testcase name="validateCartPricesTest" time="93.204" classname="manohar.AppiumTest.Ecommerce_ValidatePricesTest"/>
</testsuite> <!-- manohar.AppiumTest.Ecommerce_ValidatePricesTest -->
