<?xml version="1.0" encoding="UTF-8"?>
<!-- Generated by org.testng.reporters.JUnitReportReporter -->
<testsuite skipped="0" hostname="DESKTOP-3IC3DAS" name="manohar.AppiumTest.ScrollGesture" tests="1" failures="0" timestamp="05 Nov 2022 15:49:07 GMT" time="2.782" errors="0">
  <testcase name="LongPressGesture" time="2.782" classname="manohar.AppiumTest.ScrollGesture"/>
</testsuite> <!-- manohar.AppiumTest.ScrollGesture -->
