<?xml version="1.0" encoding="UTF-8"?>
<!-- Generated by org.testng.reporters.JUnitReportReporter -->
<testsuite skipped="0" hostname="DESKTOP-3IC3DAS" name="manohar.AppiumTest.LongPress" tests="1" failures="0" timestamp="20 Oct 2022 03:59:56 GMT" time="15.743" errors="0">
  <testcase name="LongPressGesture" time="15.743" classname="manohar.AppiumTest.LongPress"/>
</testsuite> <!-- manohar.AppiumTest.LongPress -->
