<?xml version="1.0" encoding="UTF-8"?>
<!-- Generated by org.testng.reporters.JUnitReportReporter -->
<testsuite skipped="0" hostname="DESKTOP-3IC3DAS" name="manohar.AppiumTest.Ecommerce_tc01" tests="1" failures="0" timestamp="09 Nov 2022 05:18:43 GMT" time="52.213" errors="0">
  <testcase name="formFill" time="52.213" classname="manohar.AppiumTest.Ecommerce_tc01"/>
</testsuite> <!-- manohar.AppiumTest.Ecommerce_tc01 -->
