<?xml version="1.0" encoding="UTF-8"?>
<!-- Generated by org.testng.reporters.JUnitReportReporter -->
<testsuite skipped="0" hostname="DESKTOP-3IC3DAS" name="manohar.AppiumTest.SwipeGesture" tests="1" failures="0" timestamp="06 Nov 2022 16:28:50 GMT" time="9.636" errors="0">
  <testcase name="SwipeGesture" time="9.636" classname="manohar.AppiumTest.SwipeGesture"/>
</testsuite> <!-- manohar.AppiumTest.SwipeGesture -->
