<?xml version="1.0" encoding="UTF-8"?>
<!-- Generated by org.testng.reporters.JUnitReportReporter -->
<testsuite skipped="0" hostname="DESKTOP-3IC3DAS" name="manohar.AppiumTest.AppiumBasics" tests="1" failures="0" timestamp="19 Oct 2022 03:02:54 GMT" time="9.707" errors="0">
  <testcase name="WifiSettingsName" time="9.707" classname="manohar.AppiumTest.AppiumBasics"/>
</testsuite> <!-- manohar.AppiumTest.AppiumBasics -->
