<?xml version="1.0" encoding="UTF-8"?>
<!-- Generated by org.testng.reporters.JUnitReportReporter -->
<testsuite skipped="0" hostname="DESKTOP-3IC3DAS" name="manohar.AppiumTest.AppiumMiscellaneousConceptsTest" tests="1" failures="0" timestamp="08 Nov 2022 03:22:59 GMT" time="23.191" errors="0">
  <testcase name="miscellaneousTests" time="23.191" classname="manohar.AppiumTest.AppiumMiscellaneousConceptsTest"/>
</testsuite> <!-- manohar.AppiumTest.AppiumMiscellaneousConceptsTest -->
