<?xml version="1.0" encoding="UTF-8"?>
<!-- Generated by org.testng.reporters.JUnitReportReporter -->
<testsuite skipped="0" hostname="DESKTOP-3IC3DAS" name="manohar.AppiumTest.PracticeDemosTest" tests="1" failures="0" timestamp="07 Nov 2022 16:50:10 GMT" time="11.151" errors="0">
  <testcase name="PracticedemoTest" time="11.151" classname="manohar.AppiumTest.PracticeDemosTest"/>
</testsuite> <!-- manohar.AppiumTest.PracticeDemosTest -->
