<?xml version="1.0" encoding="UTF-8"?>
<!-- Generated by org.testng.reporters.JUnitReportReporter -->
<testsuite skipped="0" hostname="DESKTOP-3IC3DAS" name="manohar.AppiumTest.DragDropTest" tests="1" failures="0" timestamp="07 Nov 2022 15:54:21 GMT" time="9.300" errors="0">
  <testcase name="DragDropdemoTest" time="9.300" classname="manohar.AppiumTest.DragDropTest"/>
</testsuite> <!-- manohar.AppiumTest.DragDropTest -->
